c:\users\uefi\ddlc-monikainkernel\monikadriver-win10\x64\debug\vc142.pdb
c:\users\uefi\ddlc-monikainkernel\monikadriver-win10\x64\debug\main.obj
c:\users\uefi\ddlc-monikainkernel\monikadriver-win10\x64\debug\monikadriver-win10\monikadriver-win10.cat
c:\users\uefi\ddlc-monikainkernel\monikadriver-win10\x64\debug\monikadriver-win10.sys
c:\users\uefi\ddlc-monikainkernel\monikadriver-win10\x64\debug\monikadriver-win10.pdb
c:\users\uefi\ddlc-monikainkernel\monikadriver-win10\x64\debug\monikadriver-win10.inf
c:\users\uefi\ddlc-monikainkernel\monikadriver-win10\x64\debug\monikadriver-win10.cer
c:\users\uefi\ddlc-monikainkernel\monikadriver-win10\x64\debug\monikadr.4af6df6f.tlog\cl.command.1.tlog
c:\users\uefi\ddlc-monikainkernel\monikadriver-win10\x64\debug\monikadr.4af6df6f.tlog\cl.read.1.tlog
c:\users\uefi\ddlc-monikainkernel\monikadriver-win10\x64\debug\monikadr.4af6df6f.tlog\cl.write.1.tlog
c:\users\uefi\ddlc-monikainkernel\monikadriver-win10\x64\debug\monikadr.4af6df6f.tlog\inf2cat-expand.11012.read.1.tlog
c:\users\uefi\ddlc-monikainkernel\monikadriver-win10\x64\debug\monikadr.4af6df6f.tlog\inf2cat-expand.11012.write.1.tlog
c:\users\uefi\ddlc-monikainkernel\monikadriver-win10\x64\debug\monikadr.4af6df6f.tlog\inf2cat-expand.1316.read.1.tlog
c:\users\uefi\ddlc-monikainkernel\monikadriver-win10\x64\debug\monikadr.4af6df6f.tlog\inf2cat-expand.1316.write.1.tlog
c:\users\uefi\ddlc-monikainkernel\monikadriver-win10\x64\debug\monikadr.4af6df6f.tlog\inf2cat-expand.2812.read.1.tlog
c:\users\uefi\ddlc-monikainkernel\monikadriver-win10\x64\debug\monikadr.4af6df6f.tlog\inf2cat-expand.2812.write.1.tlog
c:\users\uefi\ddlc-monikainkernel\monikadriver-win10\x64\debug\monikadr.4af6df6f.tlog\inf2cat-expand.5756.read.1.tlog
c:\users\uefi\ddlc-monikainkernel\monikadriver-win10\x64\debug\monikadr.4af6df6f.tlog\inf2cat-expand.5756.write.1.tlog
c:\users\uefi\ddlc-monikainkernel\monikadriver-win10\x64\debug\monikadr.4af6df6f.tlog\inf2cat-expand.6396.read.1.tlog
c:\users\uefi\ddlc-monikainkernel\monikadriver-win10\x64\debug\monikadr.4af6df6f.tlog\inf2cat-expand.6396.write.1.tlog
c:\users\uefi\ddlc-monikainkernel\monikadriver-win10\x64\debug\monikadr.4af6df6f.tlog\inf2cat-expand.6824.read.1.tlog
c:\users\uefi\ddlc-monikainkernel\monikadriver-win10\x64\debug\monikadr.4af6df6f.tlog\inf2cat-expand.6824.write.1.tlog
c:\users\uefi\ddlc-monikainkernel\monikadriver-win10\x64\debug\monikadr.4af6df6f.tlog\inf2cat-expand.7636.read.1.tlog
c:\users\uefi\ddlc-monikainkernel\monikadriver-win10\x64\debug\monikadr.4af6df6f.tlog\inf2cat-expand.7636.write.1.tlog
c:\users\uefi\ddlc-monikainkernel\monikadriver-win10\x64\debug\monikadr.4af6df6f.tlog\inf2cat-expand.7952.read.1.tlog
c:\users\uefi\ddlc-monikainkernel\monikadriver-win10\x64\debug\monikadr.4af6df6f.tlog\inf2cat-expand.7952.write.1.tlog
c:\users\uefi\ddlc-monikainkernel\monikadriver-win10\x64\debug\monikadr.4af6df6f.tlog\inf2cat-expand.read.1.tlog
c:\users\uefi\ddlc-monikainkernel\monikadriver-win10\x64\debug\monikadr.4af6df6f.tlog\inf2cat-expand.write.1.tlog
c:\users\uefi\ddlc-monikainkernel\monikadriver-win10\x64\debug\monikadr.4af6df6f.tlog\inf2cat.command.1.tlog
c:\users\uefi\ddlc-monikainkernel\monikadriver-win10\x64\debug\monikadr.4af6df6f.tlog\inf2cat.read.1.tlog
c:\users\uefi\ddlc-monikainkernel\monikadriver-win10\x64\debug\monikadr.4af6df6f.tlog\inf2cat.write.1.tlog
c:\users\uefi\ddlc-monikainkernel\monikadriver-win10\x64\debug\monikadr.4af6df6f.tlog\link.command.1.tlog
c:\users\uefi\ddlc-monikainkernel\monikadriver-win10\x64\debug\monikadr.4af6df6f.tlog\link.read.1.tlog
c:\users\uefi\ddlc-monikainkernel\monikadriver-win10\x64\debug\monikadr.4af6df6f.tlog\link.write.1.tlog
c:\users\uefi\ddlc-monikainkernel\monikadriver-win10\x64\debug\monikadr.4af6df6f.tlog\signtool.command.1.tlog
c:\users\uefi\ddlc-monikainkernel\monikadriver-win10\x64\debug\monikadr.4af6df6f.tlog\signtool.read.1.tlog
c:\users\uefi\ddlc-monikainkernel\monikadriver-win10\x64\debug\monikadr.4af6df6f.tlog\signtool.timestamp.1.tlog
c:\users\uefi\ddlc-monikainkernel\monikadriver-win10\x64\debug\monikadr.4af6df6f.tlog\signtool.write.1.tlog
c:\users\uefi\ddlc-monikainkernel\monikadriver-win10\x64\debug\monikadr.4af6df6f.tlog\stampinf.command.1.tlog
c:\users\uefi\ddlc-monikainkernel\monikadriver-win10\x64\debug\monikadr.4af6df6f.tlog\stampinf.read.1.tlog
c:\users\uefi\ddlc-monikainkernel\monikadriver-win10\x64\debug\monikadr.4af6df6f.tlog\stampinf.write.1.tlog
